[2015-06-23 14:01:48,694: DEBUG/MainProcess] | Worker: Preparing bootsteps.
[2015-06-23 14:01:48,696: DEBUG/MainProcess] | Worker: Building graph...
[2015-06-23 14:01:48,696: DEBUG/MainProcess] | Worker: New boot order: {Beat, Timer, Hub, Queues (intra), Pool, Autoscaler, Autoreloader, StateDB, Consumer}
[2015-06-23 14:01:48,698: DEBUG/MainProcess] | Consumer: Preparing bootsteps.
[2015-06-23 14:01:48,698: DEBUG/MainProcess] | Consumer: Building graph...
[2015-06-23 14:01:48,700: DEBUG/MainProcess] | Consumer: New boot order: {Connection, Events, Mingle, Tasks, Control, Heart, Agent, Gossip, event loop}
[2015-06-23 14:01:48,786: DEBUG/MainProcess] | Worker: Starting Hub
[2015-06-23 14:01:48,786: DEBUG/MainProcess] ^-- substep ok
[2015-06-23 14:01:48,786: DEBUG/MainProcess] | Worker: Starting Pool
[2015-06-23 14:01:48,797: DEBUG/MainProcess] ^-- substep ok
[2015-06-23 14:01:48,798: DEBUG/MainProcess] | Worker: Starting Consumer
[2015-06-23 14:01:48,799: DEBUG/MainProcess] | Consumer: Starting Connection
[2015-06-23 14:01:48,808: DEBUG/MainProcess] Start from server, version: 0.9, properties: {u'information': u'Licensed under the MPL.  See http://www.rabbitmq.com/', u'product': u'RabbitMQ', u'copyright': u'Copyright (C) 2007-2014 GoPivotal, Inc.', u'capabilities': {u'exchange_exchange_bindings': True, u'connection.blocked': True, u'authentication_failure_close': True, u'basic.nack': True, u'per_consumer_qos': True, u'consumer_priorities': True, u'consumer_cancel_notify': True, u'publisher_confirms': True}, u'cluster_name': u'rabbit@harsimran', u'platform': u'Erlang/OTP', u'version': u'3.5.3'}, mechanisms: [u'AMQPLAIN', u'PLAIN'], locales: [u'en_US']
[2015-06-23 14:01:48,808: DEBUG/MainProcess] Open OK!
[2015-06-23 14:01:48,809: INFO/MainProcess] Connected to amqp://guest:**@127.0.0.1:5672//
[2015-06-23 14:01:48,809: DEBUG/MainProcess] ^-- substep ok
[2015-06-23 14:01:48,809: DEBUG/MainProcess] | Consumer: Starting Events
[2015-06-23 14:01:48,815: DEBUG/MainProcess] Start from server, version: 0.9, properties: {u'information': u'Licensed under the MPL.  See http://www.rabbitmq.com/', u'product': u'RabbitMQ', u'copyright': u'Copyright (C) 2007-2014 GoPivotal, Inc.', u'capabilities': {u'exchange_exchange_bindings': True, u'connection.blocked': True, u'authentication_failure_close': True, u'basic.nack': True, u'per_consumer_qos': True, u'consumer_priorities': True, u'consumer_cancel_notify': True, u'publisher_confirms': True}, u'cluster_name': u'rabbit@harsimran', u'platform': u'Erlang/OTP', u'version': u'3.5.3'}, mechanisms: [u'AMQPLAIN', u'PLAIN'], locales: [u'en_US']
[2015-06-23 14:01:48,816: DEBUG/MainProcess] Open OK!
[2015-06-23 14:01:48,816: DEBUG/MainProcess] using channel_id: 1
[2015-06-23 14:01:48,817: DEBUG/MainProcess] Channel open
[2015-06-23 14:01:48,817: DEBUG/MainProcess] ^-- substep ok
[2015-06-23 14:01:48,817: DEBUG/MainProcess] | Consumer: Starting Mingle
[2015-06-23 14:01:48,818: INFO/MainProcess] mingle: searching for neighbors
[2015-06-23 14:01:48,818: DEBUG/MainProcess] using channel_id: 1
[2015-06-23 14:01:48,819: DEBUG/MainProcess] Channel open
[2015-06-23 14:01:49,830: INFO/MainProcess] mingle: sync with 3 nodes
[2015-06-23 14:01:49,831: INFO/MainProcess] mingle: sync complete
[2015-06-23 14:01:49,831: DEBUG/MainProcess] ^-- substep ok
[2015-06-23 14:01:49,831: DEBUG/MainProcess] | Consumer: Starting Tasks
[2015-06-23 14:01:49,841: DEBUG/MainProcess] ^-- substep ok
[2015-06-23 14:01:49,841: DEBUG/MainProcess] | Consumer: Starting Control
[2015-06-23 14:01:49,841: DEBUG/MainProcess] using channel_id: 2
[2015-06-23 14:01:49,843: DEBUG/MainProcess] Channel open
[2015-06-23 14:01:49,847: DEBUG/MainProcess] ^-- substep ok
[2015-06-23 14:01:49,848: DEBUG/MainProcess] | Consumer: Starting Heart
[2015-06-23 14:01:49,849: DEBUG/MainProcess] ^-- substep ok
[2015-06-23 14:01:49,849: DEBUG/MainProcess] | Consumer: Starting Gossip
[2015-06-23 14:01:49,850: DEBUG/MainProcess] using channel_id: 3
[2015-06-23 14:01:49,852: DEBUG/MainProcess] Channel open
[2015-06-23 14:01:49,861: DEBUG/MainProcess] ^-- substep ok
[2015-06-23 14:01:49,861: DEBUG/MainProcess] | Consumer: Starting event loop
[2015-06-23 14:01:49,862: WARNING/MainProcess] worker@harsimran ready.
[2015-06-23 14:01:49,862: DEBUG/MainProcess] | Worker: Hub.register Pool...
[2015-06-23 14:01:49,863: DEBUG/MainProcess] basic.qos: prefetch_count->16
[2015-06-23 14:01:51,327: DEBUG/MainProcess] celery@one.harsimran joined the party
[2015-06-23 14:01:51,329: DEBUG/MainProcess] celery@two.harsimran joined the party
[2015-06-23 14:01:51,332: DEBUG/MainProcess] celery@harsimran joined the party
[2015-06-23 14:02:14,951: INFO/MainProcess] Received task: framework.email.email_tasks.send_email[a60d2084-fa11-4e6e-b791-08fc0003ddd0]
[2015-06-23 14:02:14,951: DEBUG/MainProcess] TaskPool: Apply <function _fast_trace_task at 0x7f4ade43eaa0> (args:(u'framework.email.email_tasks.send_email', u'a60d2084-fa11-4e6e-b791-08fc0003ddd0', [u'kaur.harsimran301@gmail.com', u'all your smtp  belong to us', u'somebody set up us the bomb'], {}, {u'utc': True, u'is_eager': False, u'chord': None, u'group': None, u'args': [u'kaur.harsimran301@gmail.com', u'all your smtp  belong to us', u'somebody set up us the bomb'], u'retries': 0, u'delivery_info': {u'priority': None, u'redelivered': False, u'routing_key': u'default', u'exchange': u'default'}, u'expires': None, u'hostname': 'worker@harsimran', u'task': u'framework.email.email_tasks.send_email', u'callbacks': None, u'correlation_id': u'a60d2084-fa11-4e6e-b791-08fc0003ddd0', u'errbacks': None, u'timelimit': [None, None], u'taskset': None, u'kwargs': {}, u'eta': None, u'reply_to': u'00d27508-cbf9-31e5-8bb2-8daaaeac289c', u'id': u'a60d2084-fa11-4e6e-b791-08fc0003ddd0', u'headers': {}}) kwargs:{})
[2015-06-23 14:02:14,953: DEBUG/MainProcess] Task accepted: framework.email.email_tasks.send_email[a60d2084-fa11-4e6e-b791-08fc0003ddd0] pid:12473
[2015-06-23 14:02:19,740: DEBUG/Worker-3] Start from server, version: 0.9, properties: {u'information': u'Licensed under the MPL.  See http://www.rabbitmq.com/', u'product': u'RabbitMQ', u'copyright': u'Copyright (C) 2007-2014 GoPivotal, Inc.', u'capabilities': {u'exchange_exchange_bindings': True, u'connection.blocked': True, u'authentication_failure_close': True, u'basic.nack': True, u'per_consumer_qos': True, u'consumer_priorities': True, u'consumer_cancel_notify': True, u'publisher_confirms': True}, u'cluster_name': u'rabbit@harsimran', u'platform': u'Erlang/OTP', u'version': u'3.5.3'}, mechanisms: [u'AMQPLAIN', u'PLAIN'], locales: [u'en_US']
[2015-06-23 14:02:19,743: DEBUG/Worker-3] Open OK!
[2015-06-23 14:02:19,743: DEBUG/Worker-3] using channel_id: 1
[2015-06-23 14:02:19,744: DEBUG/Worker-3] Channel open
[2015-06-23 14:02:19,840: INFO/MainProcess] Task framework.email.email_tasks.send_email[a60d2084-fa11-4e6e-b791-08fc0003ddd0] succeeded in 4.887322146s: True
[2015-06-23 14:07:53,385: DEBUG/MainProcess] | Worker: Closing Hub...
[2015-06-23 14:07:53,385: DEBUG/MainProcess] | Worker: Closing Pool...
[2015-06-23 14:07:53,385: DEBUG/MainProcess] | Worker: Closing Consumer...
[2015-06-23 14:07:53,385: DEBUG/MainProcess] | Worker: Stopping Consumer...
[2015-06-23 14:07:53,386: DEBUG/MainProcess] | Consumer: Closing Connection...
[2015-06-23 14:07:53,386: DEBUG/MainProcess] | Consumer: Closing Events...
[2015-06-23 14:07:53,386: DEBUG/MainProcess] | Consumer: Closing Mingle...
[2015-06-23 14:07:53,386: DEBUG/MainProcess] | Consumer: Closing Tasks...
[2015-06-23 14:07:53,386: DEBUG/MainProcess] | Consumer: Closing Control...
[2015-06-23 14:07:53,386: DEBUG/MainProcess] | Consumer: Closing Heart...
[2015-06-23 14:07:53,386: DEBUG/MainProcess] | Consumer: Closing Gossip...
[2015-06-23 14:07:53,386: DEBUG/MainProcess] | Consumer: Closing event loop...
[2015-06-23 14:07:53,386: DEBUG/MainProcess] | Consumer: Stopping event loop...
[2015-06-23 14:07:53,387: DEBUG/MainProcess] | Consumer: Stopping Gossip...
[2015-06-23 14:07:53,389: DEBUG/MainProcess] Closed channel #3
[2015-06-23 14:07:53,389: DEBUG/MainProcess] | Consumer: Stopping Heart...
[2015-06-23 14:07:53,390: DEBUG/MainProcess] | Consumer: Stopping Control...
[2015-06-23 14:07:53,392: DEBUG/MainProcess] Closed channel #2
[2015-06-23 14:07:53,392: DEBUG/MainProcess] | Consumer: Stopping Tasks...
[2015-06-23 14:07:53,393: DEBUG/MainProcess] Cancelling task consumer...
[2015-06-23 14:07:53,393: DEBUG/MainProcess] | Consumer: Stopping Mingle...
[2015-06-23 14:07:53,394: DEBUG/MainProcess] | Consumer: Stopping Events...
[2015-06-23 14:07:53,394: DEBUG/MainProcess] | Consumer: Stopping Connection...
[2015-06-23 14:07:53,394: DEBUG/MainProcess] | Worker: Stopping Pool...
[2015-06-23 14:07:54,401: DEBUG/MainProcess] | Worker: Stopping Hub...
[2015-06-23 14:07:54,401: DEBUG/MainProcess] | Consumer: Shutdown Gossip...
[2015-06-23 14:07:54,402: DEBUG/MainProcess] | Consumer: Shutdown Heart...
[2015-06-23 14:07:54,402: DEBUG/MainProcess] | Consumer: Shutdown Control...
[2015-06-23 14:07:54,402: DEBUG/MainProcess] | Consumer: Shutdown Tasks...
[2015-06-23 14:07:54,402: DEBUG/MainProcess] Cancelling task consumer...
[2015-06-23 14:07:54,403: DEBUG/MainProcess] Closing consumer channel...
[2015-06-23 14:07:54,403: DEBUG/MainProcess] | Consumer: Shutdown Events...
[2015-06-23 14:07:54,403: DEBUG/MainProcess] Closed channel #1
[2015-06-23 14:07:54,404: DEBUG/MainProcess] | Consumer: Shutdown Connection...
[2015-06-23 14:07:54,404: DEBUG/MainProcess] Closed channel #1
[2015-06-23 14:07:54,405: DEBUG/MainProcess] removing tasks from inqueue until task handler finished
[2015-06-23 14:08:01,246: DEBUG/MainProcess] | Worker: Preparing bootsteps.
[2015-06-23 14:08:01,247: DEBUG/MainProcess] | Worker: Building graph...
[2015-06-23 14:08:01,248: DEBUG/MainProcess] | Worker: New boot order: {Beat, Timer, Hub, Queues (intra), Pool, Autoreloader, StateDB, Autoscaler, Consumer}
[2015-06-23 14:08:01,249: DEBUG/MainProcess] | Consumer: Preparing bootsteps.
[2015-06-23 14:08:01,250: DEBUG/MainProcess] | Consumer: Building graph...
[2015-06-23 14:08:01,252: DEBUG/MainProcess] | Consumer: New boot order: {Connection, Events, Mingle, Tasks, Control, Heart, Agent, Gossip, event loop}
[2015-06-23 14:08:01,323: DEBUG/MainProcess] | Worker: Starting Hub
[2015-06-23 14:08:01,324: DEBUG/MainProcess] ^-- substep ok
[2015-06-23 14:08:01,324: DEBUG/MainProcess] | Worker: Starting Pool
[2015-06-23 14:08:01,332: DEBUG/MainProcess] ^-- substep ok
[2015-06-23 14:08:01,333: DEBUG/MainProcess] | Worker: Starting Consumer
[2015-06-23 14:08:01,333: DEBUG/MainProcess] | Consumer: Starting Connection
[2015-06-23 14:08:01,341: DEBUG/MainProcess] Start from server, version: 0.9, properties: {u'information': u'Licensed under the MPL.  See http://www.rabbitmq.com/', u'product': u'RabbitMQ', u'copyright': u'Copyright (C) 2007-2014 GoPivotal, Inc.', u'capabilities': {u'exchange_exchange_bindings': True, u'connection.blocked': True, u'authentication_failure_close': True, u'basic.nack': True, u'per_consumer_qos': True, u'consumer_priorities': True, u'consumer_cancel_notify': True, u'publisher_confirms': True}, u'cluster_name': u'rabbit@harsimran', u'platform': u'Erlang/OTP', u'version': u'3.5.3'}, mechanisms: [u'AMQPLAIN', u'PLAIN'], locales: [u'en_US']
[2015-06-23 14:08:01,342: DEBUG/MainProcess] Open OK!
[2015-06-23 14:08:01,342: INFO/MainProcess] Connected to amqp://guest:**@127.0.0.1:5672//
[2015-06-23 14:08:01,342: DEBUG/MainProcess] ^-- substep ok
[2015-06-23 14:08:01,342: DEBUG/MainProcess] | Consumer: Starting Events
[2015-06-23 14:08:01,349: DEBUG/MainProcess] Start from server, version: 0.9, properties: {u'information': u'Licensed under the MPL.  See http://www.rabbitmq.com/', u'product': u'RabbitMQ', u'copyright': u'Copyright (C) 2007-2014 GoPivotal, Inc.', u'capabilities': {u'exchange_exchange_bindings': True, u'connection.blocked': True, u'authentication_failure_close': True, u'basic.nack': True, u'per_consumer_qos': True, u'consumer_priorities': True, u'consumer_cancel_notify': True, u'publisher_confirms': True}, u'cluster_name': u'rabbit@harsimran', u'platform': u'Erlang/OTP', u'version': u'3.5.3'}, mechanisms: [u'AMQPLAIN', u'PLAIN'], locales: [u'en_US']
[2015-06-23 14:08:01,350: DEBUG/MainProcess] Open OK!
[2015-06-23 14:08:01,350: DEBUG/MainProcess] using channel_id: 1
[2015-06-23 14:08:01,351: DEBUG/MainProcess] Channel open
[2015-06-23 14:08:01,352: DEBUG/MainProcess] ^-- substep ok
[2015-06-23 14:08:01,352: DEBUG/MainProcess] | Consumer: Starting Mingle
[2015-06-23 14:08:01,352: INFO/MainProcess] mingle: searching for neighbors
[2015-06-23 14:08:01,352: DEBUG/MainProcess] using channel_id: 1
[2015-06-23 14:08:01,353: DEBUG/MainProcess] Channel open
[2015-06-23 14:08:02,366: INFO/MainProcess] mingle: sync with 3 nodes
[2015-06-23 14:08:02,367: INFO/MainProcess] mingle: sync complete
[2015-06-23 14:08:02,367: DEBUG/MainProcess] ^-- substep ok
[2015-06-23 14:08:02,367: DEBUG/MainProcess] | Consumer: Starting Tasks
[2015-06-23 14:08:02,372: DEBUG/MainProcess] ^-- substep ok
[2015-06-23 14:08:02,372: DEBUG/MainProcess] | Consumer: Starting Control
[2015-06-23 14:08:02,372: DEBUG/MainProcess] using channel_id: 2
[2015-06-23 14:08:02,373: DEBUG/MainProcess] Channel open
[2015-06-23 14:08:02,376: DEBUG/MainProcess] ^-- substep ok
[2015-06-23 14:08:02,377: DEBUG/MainProcess] | Consumer: Starting Heart
[2015-06-23 14:08:02,378: DEBUG/MainProcess] ^-- substep ok
[2015-06-23 14:08:02,378: DEBUG/MainProcess] | Consumer: Starting Gossip
[2015-06-23 14:08:02,378: DEBUG/MainProcess] using channel_id: 3
[2015-06-23 14:08:02,380: DEBUG/MainProcess] Channel open
[2015-06-23 14:08:02,385: DEBUG/MainProcess] ^-- substep ok
[2015-06-23 14:08:02,385: DEBUG/MainProcess] | Consumer: Starting event loop
[2015-06-23 14:08:02,386: WARNING/MainProcess] worker@harsimran ready.
[2015-06-23 14:08:02,387: DEBUG/MainProcess] | Worker: Hub.register Pool...
[2015-06-23 14:08:02,387: DEBUG/MainProcess] basic.qos: prefetch_count->16
[2015-06-23 14:08:03,674: DEBUG/MainProcess] celery@harsimran joined the party
[2015-06-23 14:08:03,680: DEBUG/MainProcess] celery@one.harsimran joined the party
[2015-06-23 14:08:03,681: DEBUG/MainProcess] celery@two.harsimran joined the party
[2015-06-23 14:09:00,900: INFO/MainProcess] Received task: framework.email.email_tasks.send_email[2f54495c-c0cf-4b73-95b8-589aba37efa9]
[2015-06-23 14:09:00,901: DEBUG/MainProcess] TaskPool: Apply <function _fast_trace_task at 0x7f65114e7aa0> (args:(u'framework.email.email_tasks.send_email', u'2f54495c-c0cf-4b73-95b8-589aba37efa9', [u'kaur.harsimran301@gmail.com', u'all your smtp  belong to us', u'somebody set up us the bomb'], {}, {u'utc': True, u'is_eager': False, u'chord': None, u'group': None, u'args': [u'kaur.harsimran301@gmail.com', u'all your smtp  belong to us', u'somebody set up us the bomb'], u'retries': 0, u'delivery_info': {u'priority': None, u'redelivered': False, u'routing_key': u'media.video', u'exchange': u'media'}, u'expires': None, u'hostname': 'worker@harsimran', u'task': u'framework.email.email_tasks.send_email', u'callbacks': None, u'correlation_id': u'2f54495c-c0cf-4b73-95b8-589aba37efa9', u'errbacks': None, u'timelimit': [None, None], u'taskset': None, u'kwargs': {}, u'eta': None, u'reply_to': u'c9c0cd5d-58fc-386f-93b2-bd3abd7143e9', u'id': u'2f54495c-c0cf-4b73-95b8-589aba37efa9', u'headers': {}}) kwargs:{})
[2015-06-23 14:09:00,902: DEBUG/MainProcess] Task accepted: framework.email.email_tasks.send_email[2f54495c-c0cf-4b73-95b8-589aba37efa9] pid:12746
[2015-06-23 14:09:07,732: DEBUG/Worker-3] Start from server, version: 0.9, properties: {u'information': u'Licensed under the MPL.  See http://www.rabbitmq.com/', u'product': u'RabbitMQ', u'copyright': u'Copyright (C) 2007-2014 GoPivotal, Inc.', u'capabilities': {u'exchange_exchange_bindings': True, u'connection.blocked': True, u'authentication_failure_close': True, u'basic.nack': True, u'per_consumer_qos': True, u'consumer_priorities': True, u'consumer_cancel_notify': True, u'publisher_confirms': True}, u'cluster_name': u'rabbit@harsimran', u'platform': u'Erlang/OTP', u'version': u'3.5.3'}, mechanisms: [u'AMQPLAIN', u'PLAIN'], locales: [u'en_US']
[2015-06-23 14:09:07,733: DEBUG/Worker-3] Open OK!
[2015-06-23 14:09:07,733: DEBUG/Worker-3] using channel_id: 1
[2015-06-23 14:09:07,734: DEBUG/Worker-3] Channel open
[2015-06-23 14:09:07,834: INFO/MainProcess] Task framework.email.email_tasks.send_email[2f54495c-c0cf-4b73-95b8-589aba37efa9] succeeded in 6.932549045s: True
[2015-06-23 14:09:32,998: DEBUG/MainProcess] | Worker: Closing Hub...
[2015-06-23 14:09:32,998: DEBUG/MainProcess] | Worker: Closing Pool...
[2015-06-23 14:09:32,998: DEBUG/MainProcess] | Worker: Closing Consumer...
[2015-06-23 14:09:32,998: DEBUG/MainProcess] | Worker: Stopping Consumer...
[2015-06-23 14:09:32,999: DEBUG/MainProcess] | Consumer: Closing Connection...
[2015-06-23 14:09:32,999: DEBUG/MainProcess] | Consumer: Closing Events...
[2015-06-23 14:09:32,999: DEBUG/MainProcess] | Consumer: Closing Mingle...
[2015-06-23 14:09:32,999: DEBUG/MainProcess] | Consumer: Closing Tasks...
[2015-06-23 14:09:32,999: DEBUG/MainProcess] | Consumer: Closing Control...
[2015-06-23 14:09:32,999: DEBUG/MainProcess] | Consumer: Closing Heart...
[2015-06-23 14:09:32,999: DEBUG/MainProcess] | Consumer: Closing Gossip...
[2015-06-23 14:09:32,999: DEBUG/MainProcess] | Consumer: Closing event loop...
[2015-06-23 14:09:33,000: DEBUG/MainProcess] | Consumer: Stopping event loop...
[2015-06-23 14:09:33,000: DEBUG/MainProcess] | Consumer: Stopping Gossip...
[2015-06-23 14:09:33,002: DEBUG/MainProcess] Closed channel #3
[2015-06-23 14:09:33,002: DEBUG/MainProcess] | Consumer: Stopping Heart...
[2015-06-23 14:09:33,003: DEBUG/MainProcess] | Consumer: Stopping Control...
[2015-06-23 14:09:33,005: DEBUG/MainProcess] Closed channel #2
[2015-06-23 14:09:33,005: DEBUG/MainProcess] | Consumer: Stopping Tasks...
[2015-06-23 14:09:33,005: DEBUG/MainProcess] Cancelling task consumer...
[2015-06-23 14:09:33,007: DEBUG/MainProcess] | Consumer: Stopping Mingle...
[2015-06-23 14:09:33,007: DEBUG/MainProcess] | Consumer: Stopping Events...
[2015-06-23 14:09:33,008: DEBUG/MainProcess] | Consumer: Stopping Connection...
[2015-06-23 14:09:33,008: DEBUG/MainProcess] | Worker: Stopping Pool...
[2015-06-23 14:09:34,014: DEBUG/MainProcess] | Worker: Stopping Hub...
[2015-06-23 14:09:34,015: DEBUG/MainProcess] | Consumer: Shutdown Gossip...
[2015-06-23 14:09:34,015: DEBUG/MainProcess] | Consumer: Shutdown Heart...
[2015-06-23 14:09:34,015: DEBUG/MainProcess] | Consumer: Shutdown Control...
[2015-06-23 14:09:34,015: DEBUG/MainProcess] | Consumer: Shutdown Tasks...
[2015-06-23 14:09:34,015: DEBUG/MainProcess] Cancelling task consumer...
[2015-06-23 14:09:34,016: DEBUG/MainProcess] Closing consumer channel...
[2015-06-23 14:09:34,016: DEBUG/MainProcess] | Consumer: Shutdown Events...
[2015-06-23 14:09:34,016: DEBUG/MainProcess] Closed channel #1
[2015-06-23 14:09:34,017: DEBUG/MainProcess] | Consumer: Shutdown Connection...
[2015-06-23 14:09:34,018: DEBUG/MainProcess] Closed channel #1
[2015-06-23 14:09:34,019: DEBUG/MainProcess] removing tasks from inqueue until task handler finished
[2015-06-23 14:09:48,831: DEBUG/MainProcess] | Worker: Preparing bootsteps.
[2015-06-23 14:09:48,832: DEBUG/MainProcess] | Worker: Building graph...
[2015-06-23 14:09:48,833: DEBUG/MainProcess] | Worker: New boot order: {Beat, Timer, Hub, Queues (intra), Pool, Autoscaler, Autoreloader, StateDB, Consumer}
[2015-06-23 14:09:48,834: DEBUG/MainProcess] | Consumer: Preparing bootsteps.
[2015-06-23 14:09:48,834: DEBUG/MainProcess] | Consumer: Building graph...
[2015-06-23 14:09:48,837: DEBUG/MainProcess] | Consumer: New boot order: {Connection, Events, Mingle, Tasks, Control, Heart, Agent, Gossip, event loop}
[2015-06-23 14:09:48,878: DEBUG/MainProcess] | Worker: Starting Hub
[2015-06-23 14:09:48,878: DEBUG/MainProcess] ^-- substep ok
[2015-06-23 14:09:48,878: DEBUG/MainProcess] | Worker: Starting Pool
[2015-06-23 14:09:48,887: DEBUG/MainProcess] ^-- substep ok
[2015-06-23 14:09:48,888: DEBUG/MainProcess] | Worker: Starting Consumer
[2015-06-23 14:09:48,888: DEBUG/MainProcess] | Consumer: Starting Connection
[2015-06-23 14:09:48,897: DEBUG/MainProcess] Start from server, version: 0.9, properties: {u'information': u'Licensed under the MPL.  See http://www.rabbitmq.com/', u'product': u'RabbitMQ', u'copyright': u'Copyright (C) 2007-2014 GoPivotal, Inc.', u'capabilities': {u'exchange_exchange_bindings': True, u'connection.blocked': True, u'authentication_failure_close': True, u'basic.nack': True, u'per_consumer_qos': True, u'consumer_priorities': True, u'consumer_cancel_notify': True, u'publisher_confirms': True}, u'cluster_name': u'rabbit@harsimran', u'platform': u'Erlang/OTP', u'version': u'3.5.3'}, mechanisms: [u'AMQPLAIN', u'PLAIN'], locales: [u'en_US']
[2015-06-23 14:09:48,899: DEBUG/MainProcess] Open OK!
[2015-06-23 14:09:48,900: INFO/MainProcess] Connected to amqp://guest:**@127.0.0.1:5672//
[2015-06-23 14:09:48,900: DEBUG/MainProcess] ^-- substep ok
[2015-06-23 14:09:48,900: DEBUG/MainProcess] | Consumer: Starting Events
[2015-06-23 14:09:48,906: DEBUG/MainProcess] Start from server, version: 0.9, properties: {u'information': u'Licensed under the MPL.  See http://www.rabbitmq.com/', u'product': u'RabbitMQ', u'copyright': u'Copyright (C) 2007-2014 GoPivotal, Inc.', u'capabilities': {u'exchange_exchange_bindings': True, u'connection.blocked': True, u'authentication_failure_close': True, u'basic.nack': True, u'per_consumer_qos': True, u'consumer_priorities': True, u'consumer_cancel_notify': True, u'publisher_confirms': True}, u'cluster_name': u'rabbit@harsimran', u'platform': u'Erlang/OTP', u'version': u'3.5.3'}, mechanisms: [u'AMQPLAIN', u'PLAIN'], locales: [u'en_US']
[2015-06-23 14:09:48,907: DEBUG/MainProcess] Open OK!
[2015-06-23 14:09:48,907: DEBUG/MainProcess] using channel_id: 1
[2015-06-23 14:09:48,908: DEBUG/MainProcess] Channel open
[2015-06-23 14:09:48,909: DEBUG/MainProcess] ^-- substep ok
[2015-06-23 14:09:48,909: DEBUG/MainProcess] | Consumer: Starting Mingle
[2015-06-23 14:09:48,909: INFO/MainProcess] mingle: searching for neighbors
[2015-06-23 14:09:48,910: DEBUG/MainProcess] using channel_id: 1
[2015-06-23 14:09:48,911: DEBUG/MainProcess] Channel open
[2015-06-23 14:09:49,924: INFO/MainProcess] mingle: sync with 3 nodes
[2015-06-23 14:09:49,925: INFO/MainProcess] mingle: sync complete
[2015-06-23 14:09:49,925: DEBUG/MainProcess] ^-- substep ok
[2015-06-23 14:09:49,925: DEBUG/MainProcess] | Consumer: Starting Tasks
[2015-06-23 14:09:49,935: DEBUG/MainProcess] ^-- substep ok
[2015-06-23 14:09:49,935: DEBUG/MainProcess] | Consumer: Starting Control
[2015-06-23 14:09:49,936: DEBUG/MainProcess] using channel_id: 2
[2015-06-23 14:09:49,936: DEBUG/MainProcess] Channel open
[2015-06-23 14:09:49,941: DEBUG/MainProcess] ^-- substep ok
[2015-06-23 14:09:49,941: DEBUG/MainProcess] | Consumer: Starting Heart
[2015-06-23 14:09:49,941: DEBUG/MainProcess] ^-- substep ok
[2015-06-23 14:09:49,942: DEBUG/MainProcess] | Consumer: Starting Gossip
[2015-06-23 14:09:49,942: DEBUG/MainProcess] using channel_id: 3
[2015-06-23 14:09:49,943: DEBUG/MainProcess] Channel open
[2015-06-23 14:09:49,949: DEBUG/MainProcess] ^-- substep ok
[2015-06-23 14:09:49,949: DEBUG/MainProcess] | Consumer: Starting event loop
[2015-06-23 14:09:49,950: WARNING/MainProcess] worker@harsimran ready.
[2015-06-23 14:09:49,950: DEBUG/MainProcess] | Worker: Hub.register Pool...
[2015-06-23 14:09:49,951: DEBUG/MainProcess] basic.qos: prefetch_count->16
[2015-06-23 14:09:51,763: DEBUG/MainProcess] celery@harsimran joined the party
[2015-06-23 14:09:51,768: DEBUG/MainProcess] celery@two.harsimran joined the party
[2015-06-23 14:09:51,770: DEBUG/MainProcess] celery@one.harsimran joined the party
[2015-06-23 14:09:53,931: INFO/MainProcess] Received task: framework.email.email_tasks.send_email[f8160e09-f69f-4256-94ea-2d71aee7fc0a]
[2015-06-23 14:09:53,931: DEBUG/MainProcess] TaskPool: Apply <function _fast_trace_task at 0x7f3b925d7aa0> (args:(u'framework.email.email_tasks.send_email', u'f8160e09-f69f-4256-94ea-2d71aee7fc0a', [u'kaur.harsimran301@gmail.com', u'all your smtp  belong to us', u'somebody set up us the bomb'], {}, {u'utc': True, u'is_eager': False, u'chord': None, u'group': None, u'args': [u'kaur.harsimran301@gmail.com', u'all your smtp  belong to us', u'somebody set up us the bomb'], u'retries': 0, u'delivery_info': {u'priority': None, u'redelivered': False, u'routing_key': u'media.video', u'exchange': u'media'}, u'expires': None, u'hostname': 'worker@harsimran', u'task': u'framework.email.email_tasks.send_email', u'callbacks': None, u'correlation_id': u'f8160e09-f69f-4256-94ea-2d71aee7fc0a', u'errbacks': None, u'timelimit': [None, None], u'taskset': None, u'kwargs': {}, u'eta': None, u'reply_to': u'1ac7b054-828e-379c-b1ba-9518ab2e9dd4', u'id': u'f8160e09-f69f-4256-94ea-2d71aee7fc0a', u'headers': {}}) kwargs:{})
[2015-06-23 14:09:53,933: DEBUG/MainProcess] Task accepted: framework.email.email_tasks.send_email[f8160e09-f69f-4256-94ea-2d71aee7fc0a] pid:12856
[2015-06-23 14:09:58,487: DEBUG/Worker-3] Start from server, version: 0.9, properties: {u'information': u'Licensed under the MPL.  See http://www.rabbitmq.com/', u'product': u'RabbitMQ', u'copyright': u'Copyright (C) 2007-2014 GoPivotal, Inc.', u'capabilities': {u'exchange_exchange_bindings': True, u'connection.blocked': True, u'authentication_failure_close': True, u'basic.nack': True, u'per_consumer_qos': True, u'consumer_priorities': True, u'consumer_cancel_notify': True, u'publisher_confirms': True}, u'cluster_name': u'rabbit@harsimran', u'platform': u'Erlang/OTP', u'version': u'3.5.3'}, mechanisms: [u'AMQPLAIN', u'PLAIN'], locales: [u'en_US']
[2015-06-23 14:09:58,487: DEBUG/Worker-3] Open OK!
[2015-06-23 14:09:58,488: DEBUG/Worker-3] using channel_id: 1
[2015-06-23 14:09:58,488: DEBUG/Worker-3] Channel open
[2015-06-23 14:09:58,587: INFO/MainProcess] Task framework.email.email_tasks.send_email[f8160e09-f69f-4256-94ea-2d71aee7fc0a] succeeded in 4.655143394s: True
[2015-06-23 14:10:13,420: INFO/MainProcess] Received task: framework.email.email_tasks.send_email[8a3e7229-a545-4405-a492-dd60cb2ea7fc]
[2015-06-23 14:10:13,421: DEBUG/MainProcess] TaskPool: Apply <function _fast_trace_task at 0x7f3b925d7aa0> (args:(u'framework.email.email_tasks.send_email', u'8a3e7229-a545-4405-a492-dd60cb2ea7fc', [u'kaur.harsimran301@gmail.com', u'all your smtp  belong to us', u'somebody set up us the bomb'], {}, {u'utc': True, u'is_eager': False, u'chord': None, u'group': None, u'args': [u'kaur.harsimran301@gmail.com', u'all your smtp  belong to us', u'somebody set up us the bomb'], u'retries': 0, u'delivery_info': {u'priority': None, u'redelivered': False, u'routing_key': u'media.video', u'exchange': u'media'}, u'expires': None, u'hostname': 'worker@harsimran', u'task': u'framework.email.email_tasks.send_email', u'callbacks': None, u'correlation_id': u'8a3e7229-a545-4405-a492-dd60cb2ea7fc', u'errbacks': None, u'timelimit': [None, None], u'taskset': None, u'kwargs': {}, u'eta': None, u'reply_to': u'43dba6a4-b1f9-3081-b845-b01e95d571c1', u'id': u'8a3e7229-a545-4405-a492-dd60cb2ea7fc', u'headers': {}}) kwargs:{})
[2015-06-23 14:10:13,423: DEBUG/MainProcess] Task accepted: framework.email.email_tasks.send_email[8a3e7229-a545-4405-a492-dd60cb2ea7fc] pid:12854
[2015-06-23 14:10:19,158: DEBUG/Worker-1] Start from server, version: 0.9, properties: {u'information': u'Licensed under the MPL.  See http://www.rabbitmq.com/', u'product': u'RabbitMQ', u'copyright': u'Copyright (C) 2007-2014 GoPivotal, Inc.', u'capabilities': {u'exchange_exchange_bindings': True, u'connection.blocked': True, u'authentication_failure_close': True, u'basic.nack': True, u'per_consumer_qos': True, u'consumer_priorities': True, u'consumer_cancel_notify': True, u'publisher_confirms': True}, u'cluster_name': u'rabbit@harsimran', u'platform': u'Erlang/OTP', u'version': u'3.5.3'}, mechanisms: [u'AMQPLAIN', u'PLAIN'], locales: [u'en_US']
[2015-06-23 14:10:19,160: DEBUG/Worker-1] Open OK!
[2015-06-23 14:10:19,160: DEBUG/Worker-1] using channel_id: 1
[2015-06-23 14:10:19,161: DEBUG/Worker-1] Channel open
[2015-06-23 14:10:19,260: INFO/MainProcess] Task framework.email.email_tasks.send_email[8a3e7229-a545-4405-a492-dd60cb2ea7fc] succeeded in 5.838856166s: True
[2015-06-23 14:10:52,260: INFO/MainProcess] Received task: framework.email.email_tasks.send_email[e99b5d0f-890e-4ce5-b942-b6aeab367fc5]
[2015-06-23 14:10:52,261: DEBUG/MainProcess] TaskPool: Apply <function _fast_trace_task at 0x7f3b925d7aa0> (args:(u'framework.email.email_tasks.send_email', u'e99b5d0f-890e-4ce5-b942-b6aeab367fc5', [u'kaur.harsimran301@gmail.com', u'all your smtp  belong to us', u'somebody set up us the bomb'], {}, {u'utc': True, u'is_eager': False, u'chord': None, u'group': None, u'args': [u'kaur.harsimran301@gmail.com', u'all your smtp  belong to us', u'somebody set up us the bomb'], u'retries': 0, u'delivery_info': {u'priority': None, u'redelivered': False, u'routing_key': u'media.video', u'exchange': u'media'}, u'expires': None, u'hostname': 'worker@harsimran', u'task': u'framework.email.email_tasks.send_email', u'callbacks': None, u'correlation_id': u'e99b5d0f-890e-4ce5-b942-b6aeab367fc5', u'errbacks': None, u'timelimit': [None, None], u'taskset': None, u'kwargs': {}, u'eta': None, u'reply_to': u'9c2fb8d6-5f1c-3202-9e81-8fc576460bb3', u'id': u'e99b5d0f-890e-4ce5-b942-b6aeab367fc5', u'headers': {}}) kwargs:{})
[2015-06-23 14:10:52,263: DEBUG/MainProcess] Task accepted: framework.email.email_tasks.send_email[e99b5d0f-890e-4ce5-b942-b6aeab367fc5] pid:12855
[2015-06-23 14:10:57,692: DEBUG/Worker-2] Start from server, version: 0.9, properties: {u'information': u'Licensed under the MPL.  See http://www.rabbitmq.com/', u'product': u'RabbitMQ', u'copyright': u'Copyright (C) 2007-2014 GoPivotal, Inc.', u'capabilities': {u'exchange_exchange_bindings': True, u'connection.blocked': True, u'authentication_failure_close': True, u'basic.nack': True, u'per_consumer_qos': True, u'consumer_priorities': True, u'consumer_cancel_notify': True, u'publisher_confirms': True}, u'cluster_name': u'rabbit@harsimran', u'platform': u'Erlang/OTP', u'version': u'3.5.3'}, mechanisms: [u'AMQPLAIN', u'PLAIN'], locales: [u'en_US']
[2015-06-23 14:10:57,693: DEBUG/Worker-2] Open OK!
[2015-06-23 14:10:57,693: DEBUG/Worker-2] using channel_id: 1
[2015-06-23 14:10:57,694: DEBUG/Worker-2] Channel open
[2015-06-23 14:10:57,788: INFO/MainProcess] Task framework.email.email_tasks.send_email[e99b5d0f-890e-4ce5-b942-b6aeab367fc5] succeeded in 5.527006881s: True
[2015-06-23 14:11:44,229: DEBUG/MainProcess] | Worker: Closing Hub...
[2015-06-23 14:11:44,229: DEBUG/MainProcess] | Worker: Closing Pool...
[2015-06-23 14:11:44,229: DEBUG/MainProcess] | Worker: Closing Consumer...
[2015-06-23 14:11:44,229: DEBUG/MainProcess] | Worker: Stopping Consumer...
[2015-06-23 14:11:44,229: DEBUG/MainProcess] | Consumer: Closing Connection...
[2015-06-23 14:11:44,229: DEBUG/MainProcess] | Consumer: Closing Events...
[2015-06-23 14:11:44,230: DEBUG/MainProcess] | Consumer: Closing Mingle...
[2015-06-23 14:11:44,230: DEBUG/MainProcess] | Consumer: Closing Tasks...
[2015-06-23 14:11:44,230: DEBUG/MainProcess] | Consumer: Closing Control...
[2015-06-23 14:11:44,230: DEBUG/MainProcess] | Consumer: Closing Heart...
[2015-06-23 14:11:44,230: DEBUG/MainProcess] | Consumer: Closing Gossip...
[2015-06-23 14:11:44,230: DEBUG/MainProcess] | Consumer: Closing event loop...
[2015-06-23 14:11:44,230: DEBUG/MainProcess] | Consumer: Stopping event loop...
[2015-06-23 14:11:44,230: DEBUG/MainProcess] | Consumer: Stopping Gossip...
[2015-06-23 14:11:44,233: DEBUG/MainProcess] Closed channel #3
[2015-06-23 14:11:44,233: DEBUG/MainProcess] | Consumer: Stopping Heart...
[2015-06-23 14:11:44,234: DEBUG/MainProcess] | Consumer: Stopping Control...
[2015-06-23 14:11:44,236: DEBUG/MainProcess] Closed channel #2
[2015-06-23 14:11:44,236: DEBUG/MainProcess] | Consumer: Stopping Tasks...
[2015-06-23 14:11:44,236: DEBUG/MainProcess] Cancelling task consumer...
[2015-06-23 14:11:44,237: DEBUG/MainProcess] | Consumer: Stopping Mingle...
[2015-06-23 14:11:44,238: DEBUG/MainProcess] | Consumer: Stopping Events...
[2015-06-23 14:11:44,238: DEBUG/MainProcess] | Consumer: Stopping Connection...
[2015-06-23 14:11:44,238: DEBUG/MainProcess] | Worker: Stopping Pool...
[2015-06-23 14:11:45,242: DEBUG/MainProcess] | Worker: Stopping Hub...
[2015-06-23 14:11:45,243: DEBUG/MainProcess] | Consumer: Shutdown Gossip...
[2015-06-23 14:11:45,243: DEBUG/MainProcess] | Consumer: Shutdown Heart...
[2015-06-23 14:11:45,243: DEBUG/MainProcess] | Consumer: Shutdown Control...
[2015-06-23 14:11:45,244: DEBUG/MainProcess] | Consumer: Shutdown Tasks...
[2015-06-23 14:11:45,244: DEBUG/MainProcess] Cancelling task consumer...
[2015-06-23 14:11:45,244: DEBUG/MainProcess] Closing consumer channel...
[2015-06-23 14:11:45,244: DEBUG/MainProcess] | Consumer: Shutdown Events...
[2015-06-23 14:11:45,245: DEBUG/MainProcess] Closed channel #1
[2015-06-23 14:11:45,247: DEBUG/MainProcess] | Consumer: Shutdown Connection...
[2015-06-23 14:11:45,247: DEBUG/MainProcess] Closed channel #1
[2015-06-23 14:11:45,248: DEBUG/MainProcess] removing tasks from inqueue until task handler finished
